<?xml version="1.0" encoding="UTF-8"?>
<coverage generated="1656452707721" clover="3.2.0">
  <project timestamp="1656452707721" name="All files">
    <metrics statements="45" coveredstatements="45" conditionals="18" coveredconditionals="18" methods="7" coveredmethods="7" elements="70" coveredelements="70" complexity="0" loc="45" ncloc="45" packages="1" files="2" classes="2"/>
    <file name="chapter-2-exercises.js" path="/Users/phillip/Desktop/eloquent-js/chapter-2-exercises.js">
      <metrics statements="31" coveredstatements="31" conditionals="10" coveredconditionals="10" methods="3" coveredmethods="3"/>
      <line num="4" count="1" type="stmt"/>
      <line num="5" count="1" type="stmt"/>
      <line num="6" count="7" type="stmt"/>
      <line num="7" count="7" type="stmt"/>
      <line num="9" count="1" type="stmt"/>
      <line num="12" count="1" type="stmt"/>
      <line num="26" count="1" type="stmt"/>
      <line num="27" count="15" type="cond" truecount="4" falsecount="0"/>
      <line num="28" count="1" type="stmt"/>
      <line num="29" count="1" type="stmt"/>
      <line num="30" count="14" type="cond" truecount="2" falsecount="0"/>
      <line num="31" count="4" type="stmt"/>
      <line num="32" count="4" type="stmt"/>
      <line num="33" count="10" type="cond" truecount="2" falsecount="0"/>
      <line num="34" count="2" type="stmt"/>
      <line num="35" count="2" type="stmt"/>
      <line num="37" count="8" type="stmt"/>
      <line num="41" count="1" type="stmt"/>
      <line num="56" count="2" type="stmt"/>
      <line num="57" count="2" type="stmt"/>
      <line num="59" count="2" type="stmt"/>
      <line num="60" count="8" type="stmt"/>
      <line num="61" count="32" type="cond" truecount="2" falsecount="0"/>
      <line num="62" count="16" type="stmt"/>
      <line num="64" count="16" type="stmt"/>
      <line num="66" count="32" type="stmt"/>
      <line num="68" count="8" type="stmt"/>
      <line num="69" count="8" type="stmt"/>
      <line num="71" count="2" type="stmt"/>
      <line num="72" count="2" type="stmt"/>
      <line num="75" count="1" type="stmt"/>
    </file>
    <file name="chapter-3-exercises.js" path="/Users/phillip/Desktop/eloquent-js/chapter-3-exercises.js">
      <metrics statements="14" coveredstatements="14" conditionals="8" coveredconditionals="8" methods="4" coveredmethods="4"/>
      <line num="4" count="2" type="stmt"/>
      <line num="7" count="1" type="stmt"/>
      <line num="19" count="11" type="cond" truecount="2" falsecount="0"/>
      <line num="20" count="9" type="cond" truecount="2" falsecount="0"/>
      <line num="21" count="7" type="cond" truecount="2" falsecount="0"/>
      <line num="22" count="5" type="stmt"/>
      <line num="25" count="1" type="stmt"/>
      <line num="40" count="4" type="stmt"/>
      <line num="41" count="4" type="stmt"/>
      <line num="42" count="40" type="cond" truecount="2" falsecount="0"/>
      <line num="44" count="4" type="stmt"/>
      <line num="48" count="2" type="stmt"/>
      <line num="51" count="1" type="stmt"/>
      <line num="52" count="1" type="stmt"/>
    </file>
  </project>
</coverage>
