<?xml version="1.0" encoding="UTF-8"?>
<coverage generated="1656459184205" clover="3.2.0">
  <project timestamp="1656459184206" name="All files">
    <metrics statements="11" coveredstatements="11" conditionals="5" coveredconditionals="5" methods="2" coveredmethods="2" elements="18" coveredelements="18" complexity="0" loc="11" ncloc="11" packages="1" files="1" classes="1"/>
    <file name="chapter-4-exercises.js" path="/Users/phillip/Desktop/eloquent-js/chapter-4-exercises.js">
      <metrics statements="11" coveredstatements="11" conditionals="5" coveredconditionals="5" methods="2" coveredmethods="2"/>
      <line num="3" count="6" type="stmt"/>
      <line num="4" count="6" type="cond" truecount="2" falsecount="0"/>
      <line num="5" count="24" type="stmt"/>
      <line num="7" count="14" type="stmt"/>
      <line num="9" count="6" type="stmt"/>
      <line num="12" count="1" type="stmt"/>
      <line num="15" count="4" type="stmt"/>
      <line num="16" count="4" type="stmt"/>
      <line num="17" count="29" type="stmt"/>
      <line num="19" count="4" type="stmt"/>
      <line num="22" count="1" type="stmt"/>
    </file>
  </project>
</coverage>
