{"/Users/phillip/Desktop/eloquent-js/chapter-2-exercises.js": {"path":"/Users/phillip/Desktop/eloquent-js/chapter-2-exercises.js","statementMap":{"0":{"start":{"line":4,"column":15},"end":{"line":4,"column":17}},"1":{"start":{"line":5,"column":4},"end":{"line":8,"column":5}},"2":{"start":{"line":5,"column":17},"end":{"line":5,"column":18}},"3":{"start":{"line":6,"column":8},"end":{"line":6,"column":20}},"4":{"start":{"line":7,"column":8},"end":{"line":7,"column":26}},"5":{"start":{"line":9,"column":4},"end":{"line":9,"column":16}},"6":{"start":{"line":12,"column":0},"end":{"line":12,"column":38}},"7":{"start":{"line":26,"column":4},"end":{"line":38,"column":5}},"8":{"start":{"line":26,"column":16},"end":{"line":26,"column":17}},"9":{"start":{"line":27,"column":8},"end":{"line":36,"column":9}},"10":{"start":{"line":28,"column":12},"end":{"line":28,"column":36}},"11":{"start":{"line":29,"column":12},"end":{"line":29,"column":21}},"12":{"start":{"line":30,"column":15},"end":{"line":36,"column":9}},"13":{"start":{"line":31,"column":12},"end":{"line":31,"column":32}},"14":{"start":{"line":32,"column":12},"end":{"line":32,"column":21}},"15":{"start":{"line":33,"column":15},"end":{"line":36,"column":9}},"16":{"start":{"line":34,"column":12},"end":{"line":34,"column":32}},"17":{"start":{"line":35,"column":12},"end":{"line":35,"column":21}},"18":{"start":{"line":37,"column":8},"end":{"line":37,"column":23}},"19":{"start":{"line":41,"column":0},"end":{"line":41,"column":28}},"20":{"start":{"line":56,"column":16},"end":{"line":56,"column":18}},"21":{"start":{"line":57,"column":15},"end":{"line":57,"column":20}},"22":{"start":{"line":59,"column":4},"end":{"line":70,"column":5}},"23":{"start":{"line":59,"column":17},"end":{"line":59,"column":18}},"24":{"start":{"line":60,"column":8},"end":{"line":67,"column":9}},"25":{"start":{"line":60,"column":21},"end":{"line":60,"column":22}},"26":{"start":{"line":61,"column":12},"end":{"line":65,"column":13}},"27":{"start":{"line":62,"column":16},"end":{"line":62,"column":29}},"28":{"start":{"line":64,"column":16},"end":{"line":64,"column":29}},"29":{"start":{"line":66,"column":12},"end":{"line":66,"column":25}},"30":{"start":{"line":68,"column":8},"end":{"line":68,"column":22}},"31":{"start":{"line":69,"column":8},"end":{"line":69,"column":21}},"32":{"start":{"line":71,"column":4},"end":{"line":71,"column":23}},"33":{"start":{"line":72,"column":4},"end":{"line":72,"column":17}},"34":{"start":{"line":75,"column":0},"end":{"line":75,"column":32}}},"fnMap":{"0":{"name":"buildTriangle","decl":{"start":{"line":3,"column":9},"end":{"line":3,"column":22}},"loc":{"start":{"line":3,"column":24},"end":{"line":10,"column":1}},"line":3},"1":{"name":"fizzBuzz","decl":{"start":{"line":25,"column":9},"end":{"line":25,"column":17}},"loc":{"start":{"line":25,"column":23},"end":{"line":39,"column":1}},"line":25},"2":{"name":"chessBoard","decl":{"start":{"line":55,"column":9},"end":{"line":55,"column":19}},"loc":{"start":{"line":55,"column":26},"end":{"line":73,"column":1}},"line":55}},"branchMap":{"0":{"loc":{"start":{"line":27,"column":8},"end":{"line":36,"column":9}},"type":"if","locations":[{"start":{"line":27,"column":8},"end":{"line":36,"column":9}},{"start":{"line":30,"column":15},"end":{"line":36,"column":9}}],"line":27},"1":{"loc":{"start":{"line":27,"column":12},"end":{"line":27,"column":32}},"type":"binary-expr","locations":[{"start":{"line":27,"column":12},"end":{"line":27,"column":20}},{"start":{"line":27,"column":24},"end":{"line":27,"column":32}}],"line":27},"2":{"loc":{"start":{"line":30,"column":15},"end":{"line":36,"column":9}},"type":"if","locations":[{"start":{"line":30,"column":15},"end":{"line":36,"column":9}},{"start":{"line":33,"column":15},"end":{"line":36,"column":9}}],"line":30},"3":{"loc":{"start":{"line":33,"column":15},"end":{"line":36,"column":9}},"type":"if","locations":[{"start":{"line":33,"column":15},"end":{"line":36,"column":9}},{"start":{},"end":{}}],"line":33},"4":{"loc":{"start":{"line":61,"column":12},"end":{"line":65,"column":13}},"type":"if","locations":[{"start":{"line":61,"column":12},"end":{"line":65,"column":13}},{"start":{"line":63,"column":19},"end":{"line":65,"column":13}}],"line":61}},"s":{"0":1,"1":1,"2":1,"3":7,"4":7,"5":1,"6":1,"7":1,"8":1,"9":15,"10":1,"11":1,"12":14,"13":4,"14":4,"15":10,"16":2,"17":2,"18":8,"19":1,"20":2,"21":2,"22":2,"23":2,"24":8,"25":8,"26":32,"27":16,"28":16,"29":32,"30":8,"31":8,"32":2,"33":2,"34":1},"f":{"0":1,"1":1,"2":2},"b":{"0":[1,14],"1":[15,5],"2":[4,10],"3":[2,8],"4":[16,16]},"_coverageSchema":"1a1c01bbd47fc00a2c39e90264f33305004495a9","hash":"5606921c7ff2de538c189a6fe2dd9f94452e16da"}
,"/Users/phillip/Desktop/eloquent-js/chapter-3-exercises.js": {"path":"/Users/phillip/Desktop/eloquent-js/chapter-3-exercises.js","statementMap":{"0":{"start":{"line":4,"column":4},"end":{"line":4,"column":32}},"1":{"start":{"line":7,"column":0},"end":{"line":7,"column":18}},"2":{"start":{"line":19,"column":4},"end":{"line":22,"column":36}},"3":{"start":{"line":19,"column":20},"end":{"line":19,"column":32}},"4":{"start":{"line":20,"column":9},"end":{"line":22,"column":36}},"5":{"start":{"line":20,"column":25},"end":{"line":20,"column":38}},"6":{"start":{"line":21,"column":9},"end":{"line":22,"column":36}},"7":{"start":{"line":21,"column":24},"end":{"line":21,"column":43}},"8":{"start":{"line":22,"column":11},"end":{"line":22,"column":34}},"9":{"start":{"line":25,"column":0},"end":{"line":25,"column":24}},"10":{"start":{"line":40,"column":16},"end":{"line":40,"column":17}},"11":{"start":{"line":41,"column":4},"end":{"line":43,"column":5}},"12":{"start":{"line":41,"column":17},"end":{"line":41,"column":18}},"13":{"start":{"line":42,"column":8},"end":{"line":42,"column":49}},"14":{"start":{"line":42,"column":39},"end":{"line":42,"column":47}},"15":{"start":{"line":44,"column":4},"end":{"line":44,"column":17}},"16":{"start":{"line":48,"column":4},"end":{"line":48,"column":34}},"17":{"start":{"line":51,"column":0},"end":{"line":51,"column":30}},"18":{"start":{"line":52,"column":0},"end":{"line":52,"column":26}}},"fnMap":{"0":{"name":"min","decl":{"start":{"line":3,"column":9},"end":{"line":3,"column":12}},"loc":{"start":{"line":3,"column":24},"end":{"line":5,"column":1}},"line":3},"1":{"name":"isEven","decl":{"start":{"line":18,"column":9},"end":{"line":18,"column":15}},"loc":{"start":{"line":18,"column":20},"end":{"line":23,"column":1}},"line":18},"2":{"name":"countChar","decl":{"start":{"line":39,"column":9},"end":{"line":39,"column":18}},"loc":{"start":{"line":39,"column":37},"end":{"line":45,"column":1}},"line":39},"3":{"name":"countBs","decl":{"start":{"line":47,"column":9},"end":{"line":47,"column":16}},"loc":{"start":{"line":47,"column":24},"end":{"line":49,"column":1}},"line":47}},"branchMap":{"0":{"loc":{"start":{"line":19,"column":4},"end":{"line":22,"column":36}},"type":"if","locations":[{"start":{"line":19,"column":4},"end":{"line":22,"column":36}},{"start":{"line":20,"column":9},"end":{"line":22,"column":36}}],"line":19},"1":{"loc":{"start":{"line":20,"column":9},"end":{"line":22,"column":36}},"type":"if","locations":[{"start":{"line":20,"column":9},"end":{"line":22,"column":36}},{"start":{"line":21,"column":9},"end":{"line":22,"column":36}}],"line":20},"2":{"loc":{"start":{"line":21,"column":9},"end":{"line":22,"column":36}},"type":"if","locations":[{"start":{"line":21,"column":9},"end":{"line":22,"column":36}},{"start":{"line":22,"column":9},"end":{"line":22,"column":36}}],"line":21},"3":{"loc":{"start":{"line":42,"column":8},"end":{"line":42,"column":49}},"type":"if","locations":[{"start":{"line":42,"column":8},"end":{"line":42,"column":49}},{"start":{},"end":{}}],"line":42}},"s":{"0":2,"1":1,"2":11,"3":2,"4":9,"5":2,"6":7,"7":2,"8":5,"9":1,"10":4,"11":4,"12":4,"13":40,"14":9,"15":4,"16":2,"17":1,"18":1},"f":{"0":2,"1":11,"2":4,"3":2},"b":{"0":[2,9],"1":[2,7],"2":[2,5],"3":[9,31]},"_coverageSchema":"1a1c01bbd47fc00a2c39e90264f33305004495a9","hash":"0cdccd015261dac0e4b58f168114bb5af6b35305"}
}
