{"/Users/phillip/Desktop/eloquent-js/chapter-4-exercises.js": {"path":"/Users/phillip/Desktop/eloquent-js/chapter-4-exercises.js","statementMap":{"0":{"start":{"line":3,"column":21},"end":{"line":3,"column":23}},"1":{"start":{"line":4,"column":4},"end":{"line":8,"column":5}},"2":{"start":{"line":5,"column":8},"end":{"line":5,"column":70}},"3":{"start":{"line":5,"column":21},"end":{"line":5,"column":26}},"4":{"start":{"line":5,"column":51},"end":{"line":5,"column":68}},"5":{"start":{"line":7,"column":8},"end":{"line":7,"column":70}},"6":{"start":{"line":7,"column":21},"end":{"line":7,"column":26}},"7":{"start":{"line":7,"column":51},"end":{"line":7,"column":68}},"8":{"start":{"line":9,"column":4},"end":{"line":9,"column":20}},"9":{"start":{"line":12,"column":0},"end":{"line":12,"column":22}},"10":{"start":{"line":15,"column":15},"end":{"line":15,"column":16}},"11":{"start":{"line":16,"column":4},"end":{"line":18,"column":5}},"12":{"start":{"line":16,"column":17},"end":{"line":16,"column":18}},"13":{"start":{"line":17,"column":8},"end":{"line":17,"column":25}},"14":{"start":{"line":19,"column":4},"end":{"line":19,"column":16}},"15":{"start":{"line":22,"column":0},"end":{"line":22,"column":18}}},"fnMap":{"0":{"name":"range","decl":{"start":{"line":2,"column":9},"end":{"line":2,"column":14}},"loc":{"start":{"line":2,"column":56},"end":{"line":10,"column":1}},"line":2},"1":{"name":"sum","decl":{"start":{"line":14,"column":9},"end":{"line":14,"column":12}},"loc":{"start":{"line":14,"column":20},"end":{"line":20,"column":1}},"line":14}},"branchMap":{"0":{"loc":{"start":{"line":2,"column":27},"end":{"line":2,"column":54}},"type":"default-arg","locations":[{"start":{"line":2,"column":34},"end":{"line":2,"column":54}}],"line":2},"1":{"loc":{"start":{"line":2,"column":34},"end":{"line":2,"column":54}},"type":"cond-expr","locations":[{"start":{"line":2,"column":48},"end":{"line":2,"column":49}},{"start":{"line":2,"column":52},"end":{"line":2,"column":54}}],"line":2},"2":{"loc":{"start":{"line":4,"column":4},"end":{"line":8,"column":5}},"type":"if","locations":[{"start":{"line":4,"column":4},"end":{"line":8,"column":5}},{"start":{"line":6,"column":11},"end":{"line":8,"column":5}}],"line":4}},"s":{"0":6,"1":6,"2":4,"3":4,"4":24,"5":2,"6":2,"7":14,"8":6,"9":1,"10":4,"11":4,"12":4,"13":29,"14":4,"15":1},"f":{"0":6,"1":4},"b":{"0":[3],"1":[2,1],"2":[4,2]},"_coverageSchema":"1a1c01bbd47fc00a2c39e90264f33305004495a9","hash":"09aa7dcedf3498a3648f8a4c878608013ba0666f"}
}
