TN:
SF:chapter-2-exercises.js
FN:3,buildTriangle
FN:25,fizzBuzz
FN:55,chessBoard
FNF:3
FNH:3
FNDA:1,buildTriangle
FNDA:1,fizzBuzz
FNDA:2,chessBoard
DA:4,1
DA:5,1
DA:6,7
DA:7,7
DA:9,1
DA:12,1
DA:26,1
DA:27,15
DA:28,1
DA:29,1
DA:30,14
DA:31,4
DA:32,4
DA:33,10
DA:34,2
DA:35,2
DA:37,8
DA:41,1
DA:56,2
DA:57,2
DA:59,2
DA:60,8
DA:61,32
DA:62,16
DA:64,16
DA:66,32
DA:68,8
DA:69,8
DA:71,2
DA:72,2
DA:75,1
LF:31
LH:31
BRDA:27,0,0,1
BRDA:27,0,1,14
BRDA:27,1,0,15
BRDA:27,1,1,5
BRDA:30,2,0,4
BRDA:30,2,1,10
BRDA:33,3,0,2
BRDA:33,3,1,8
BRDA:61,4,0,16
BRDA:61,4,1,16
BRF:10
BRH:10
end_of_record
TN:
SF:chapter-3-exercises.js
FN:3,min
FN:18,isEven
FN:39,countChar
FN:47,countBs
FNF:4
FNH:4
FNDA:2,min
FNDA:11,isEven
FNDA:4,countChar
FNDA:2,countBs
DA:4,2
DA:7,1
DA:19,11
DA:20,9
DA:21,7
DA:22,5
DA:25,1
DA:40,4
DA:41,4
DA:42,40
DA:44,4
DA:48,2
DA:51,1
DA:52,1
LF:14
LH:14
BRDA:19,0,0,2
BRDA:19,0,1,9
BRDA:20,1,0,2
BRDA:20,1,1,7
BRDA:21,2,0,2
BRDA:21,2,1,5
BRDA:42,3,0,9
BRDA:42,3,1,31
BRF:8
BRH:8
end_of_record
